2019-03-11 10:09:47 [-][-][-][error][craft\db\Connection::open] Connection::dsn cannot be empty.
2019-03-11 10:09:47 [-][-][-][error][craft\base\ApplicationTrait::getIsDbConnectionValid] There was a problem connecting to the database: Craft CMS can’t connect to the database with the credentials in config/db.php.
2019-03-11 10:09:47 [-][-][-][trace][yii\base\Application::bootstrap] Bootstrap with craft\queue\Queue::bootstrap()
2019-03-11 10:09:47 [-][-][-][trace][yii\base\Controller::runAction] Route to run: setup/welcome
2019-03-11 10:09:47 [-][-][-][trace][yii\base\InlineAction::runWithParams] Running action: craft\console\controllers\SetupController::actionWelcome()
2019-03-11 10:09:47 [-][-][-][trace][yii\base\Controller::runAction] Route to run: setup/security-key
2019-03-11 10:09:47 [-][-][-][trace][yii\base\InlineAction::runWithParams] Running action: craft\console\controllers\SetupController::actionSecurityKey()
2019-03-11 10:09:47 [-][-][-][info][application] $_GET = []

$_POST = []

$_FILES = []

$_COOKIE = []

$_SERVER = [
    'TERM_PROGRAM' => 'Apple_Terminal'
    'NVM_CD_FLAGS' => ''
    'COMPOSER_BINARY' => '/Users/roejkum/Documents/Development/Craft/composer.phar'
    'TERM' => 'xterm-256color'
    'SHELL' => '/bin/bash'
    'TMPDIR' => '/var/folders/1w/sz00j_114f96ggmdv_49y7x80000gn/T/'
    'Apple_PubSub_Socket_Render' => '/private/tmp/com.apple.launchd.HtxqTO4UcW/Render'
    'TERM_PROGRAM_VERSION' => '421'
    'TERM_SESSION_ID' => 'D1FC71CA-EE5B-49FA-B5D5-584D3ADF0CC9'
    'USER' => 'roejkum'
    'NVM_DIR' => '/Users/roejkum/.nvm'
    'SSH_AUTH_SOCK' => '/private/tmp/com.apple.launchd.XwcyHEdSCK/Listeners'
    '__CF_USER_TEXT_ENCODING' => '0x1F5:0x0:0x9'
    'COMPOSER_ROOT_VERSION' => '1.0.40'
    'PATH' => '/Users/roejkum/Documents/Development/Craft/CraftCMS/vendor/bin:/Users/roejkum/.nvm/versions/node/v10.8.0/bin:/usr/local/bin:/usr/bin:/bin:/usr/sbin:/sbin'
    '_' => '/usr/bin/php'
    'PWD' => '/Users/roejkum/Documents/Development/Craft/CraftCMS'
    'COMPOSER_DEV_MODE' => '1'
    'LANG' => 'da_DK.UTF-8'
    'XPC_FLAGS' => '0x0'
    'XPC_SERVICE_NAME' => '0'
    'HOME' => '/Users/roejkum'
    'SHLVL' => '2'
    'LOGNAME' => 'roejkum'
    'NVM_BIN' => '/Users/roejkum/.nvm/versions/node/v10.8.0/bin'
    'SECURITYSESSIONID' => '186a8'
    'PHP_SELF' => 'craft'
    'SCRIPT_NAME' => 'craft'
    'SCRIPT_FILENAME' => 'craft'
    'PATH_TRANSLATED' => 'craft'
    'DOCUMENT_ROOT' => ''
    'REQUEST_TIME_FLOAT' => 1552298987.4243
    'REQUEST_TIME' => 1552298987
    'argv' => [
        0 => 'craft'
        1 => 'setup/welcome'
    ]
    'argc' => 2
    'ENVIRONMENT' => 'dev'
    'SECURITY_KEY' => ''
    'DB_DRIVER' => 'mysql'
    'DB_SERVER' => 'localhost'
    'DB_USER' => 'root'
    'DB_PASSWORD' => ''
    'DB_DATABASE' => ''
    'DB_SCHEMA' => 'public'
    'DB_TABLE_PREFIX' => ''
    'DB_PORT' => ''
]
